d:\organization - private\projects\tictactoe\tictactoecpp\tictactoe\tictactoe\debug\vc141.pdb
d:\organization - private\projects\tictactoe\tictactoecpp\tictactoe\tictactoe\debug\vc141.idb
d:\organization - private\projects\tictactoe\tictactoecpp\tictactoe\tictactoe\debug\applicationdelegator.obj
d:\organization - private\projects\tictactoe\tictactoecpp\tictactoe\tictactoe\debug\playerbot.obj
d:\organization - private\projects\tictactoe\tictactoecpp\tictactoe\tictactoe\debug\displayoutput.obj
d:\organization - private\projects\tictactoe\tictactoecpp\tictactoe\tictactoe\debug\appdelegator.obj
d:\organization - private\projects\tictactoe\tictactoecpp\tictactoe\tictactoe\debug\player.obj
d:\organization - private\projects\tictactoe\tictactoecpp\tictactoe\tictactoe\debug\cell.obj
d:\organization - private\projects\tictactoe\tictactoecpp\tictactoe\tictactoe\debug\matchfield.obj
d:\organization - private\projects\tictactoe\tictactoecpp\tictactoe\tictactoe\debug\main.obj
d:\organization - private\projects\tictactoe\tictactoecpp\tictactoe\tictactoe\debug\gamemaster.obj
d:\organization - private\projects\tictactoe\tictactoecpp\tictactoe\tictactoe\debug\match.obj
d:\organization - private\projects\tictactoe\tictactoecpp\tictactoe\debug\tictactoe.exe
d:\organization - private\projects\tictactoe\tictactoecpp\tictactoe\debug\tictactoe.ilk
d:\organization - private\projects\tictactoe\tictactoecpp\tictactoe\debug\tictactoe.pdb
d:\organization - private\projects\tictactoe\tictactoecpp\tictactoe\tictactoe\debug\tictactoe.tlog\cl.command.1.tlog
d:\organization - private\projects\tictactoe\tictactoecpp\tictactoe\tictactoe\debug\tictactoe.tlog\cl.read.1.tlog
d:\organization - private\projects\tictactoe\tictactoecpp\tictactoe\tictactoe\debug\tictactoe.tlog\cl.write.1.tlog
d:\organization - private\projects\tictactoe\tictactoecpp\tictactoe\tictactoe\debug\tictactoe.tlog\link.command.1.tlog
d:\organization - private\projects\tictactoe\tictactoecpp\tictactoe\tictactoe\debug\tictactoe.tlog\link.read.1.tlog
d:\organization - private\projects\tictactoe\tictactoecpp\tictactoe\tictactoe\debug\tictactoe.tlog\link.write.1.tlog
